<?xml version="1.0" encoding="UTF-8"?>
<!-- Generated by org.testng.reporters.JUnitXMLReporter -->
<testsuite ignored="0" hostname="LAPTOP-6NQTN9TF" failures="0" tests="6" name="Test" time="0.098" errors="0" timestamp="2022-01-26T03:43:30 IST">
  <testcase classname="qaclickacademy.AppiumTest" name="IOSApps" time="0.011"/>
  <testcase classname="qaclickacademy.AppiumTest" name="nativeappandroid" time="0.001"/>
  <testcase classname="qaclickacademy.SeleniumTest" name="BrowserAutomation" time="0.002"/>
  <testcase classname="qaclickacademy.SeleniumTest" name="elementsUi" time="0.002"/>
  <testcase classname="qaclickacademy.RESTAPITest" name="deletetwitter" time="0.001"/>
  <testcase classname="qaclickacademy.RESTAPITest" name="postJira" time="0.001"/>
</testsuite> <!-- Test -->
