<?xml version="1.0" encoding="UTF-8"?>
<!-- Generated by org.testng.reporters.JUnitXMLReporter -->
<testsuite hostname="LAPTOP-6NQTN9TF" ignored="0" name="Test" tests="4" failures="0" timestamp="2022-01-26T04:09:01 IST" time="0.071" errors="0">
  <testcase name="IOSApps" time="0.009" classname="qaclickacademy.AppiumTest"/>
  <testcase name="nativeappandroid" time="0.0" classname="qaclickacademy.AppiumTest"/>
  <testcase name="deletetwitter" time="0.0" classname="qaclickacademy.RESTAPITest"/>
  <testcase name="postJira" time="0.0" classname="qaclickacademy.RESTAPITest"/>
</testsuite> <!-- Test -->
