<?xml version="1.0" encoding="UTF-8"?>
<testng-results skipped="0" failed="0" ignored="0" total="4" passed="4">
  <reporter-output>
  </reporter-output>
  <suite name="Suite" duration-ms="71" started-at="2022-01-26T04:09:01 IST" finished-at="2022-01-26T04:09:01 IST">
    <groups>
    </groups>
    <test name="Test" duration-ms="71" started-at="2022-01-26T04:09:01 IST" finished-at="2022-01-26T04:09:01 IST">
      <class name="qaclickacademy.AppiumTest">
        <test-method status="PASS" signature="IOSApps()[pri:0, instance:qaclickacademy.AppiumTest@36b4cef0]" name="IOSApps" duration-ms="9" started-at="2022-01-26T04:09:01 IST" finished-at="2022-01-26T04:09:01 IST">
          <reporter-output>
          </reporter-output>
        </test-method> <!-- IOSApps -->
        <test-method status="PASS" signature="nativeappandroid()[pri:0, instance:qaclickacademy.AppiumTest@36b4cef0]" name="nativeappandroid" duration-ms="0" started-at="2022-01-26T04:09:01 IST" finished-at="2022-01-26T04:09:01 IST">
          <reporter-output>
          </reporter-output>
        </test-method> <!-- nativeappandroid -->
      </class> <!-- qaclickacademy.AppiumTest -->
      <class name="qaclickacademy.RESTAPITest">
        <test-method status="PASS" signature="deletetwitter()[pri:0, instance:qaclickacademy.RESTAPITest@6b57696f]" name="deletetwitter" duration-ms="0" started-at="2022-01-26T04:09:01 IST" finished-at="2022-01-26T04:09:01 IST">
          <reporter-output>
          </reporter-output>
        </test-method> <!-- deletetwitter -->
        <test-method status="PASS" signature="postJira()[pri:0, instance:qaclickacademy.RESTAPITest@6b57696f]" name="postJira" duration-ms="0" started-at="2022-01-26T04:09:01 IST" finished-at="2022-01-26T04:09:01 IST">
          <reporter-output>
          </reporter-output>
        </test-method> <!-- postJira -->
      </class> <!-- qaclickacademy.RESTAPITest -->
    </test> <!-- Test -->
  </suite> <!-- Suite -->
</testng-results>
