<?xml version="1.0" encoding="UTF-8"?>
<testng-results ignored="0" total="6" passed="6" failed="0" skipped="0">
  <reporter-output>
  </reporter-output>
  <suite started-at="2022-01-26T03:43:30 IST" name="Suite" finished-at="2022-01-26T03:43:30 IST" duration-ms="98">
    <groups>
    </groups>
    <test started-at="2022-01-26T03:43:30 IST" name="Test" finished-at="2022-01-26T03:43:30 IST" duration-ms="98">
      <class name="qaclickacademy.AppiumTest">
        <test-method signature="IOSApps()[pri:0, instance:qaclickacademy.AppiumTest@37d4349f]" started-at="2022-01-26T03:43:30 IST" name="IOSApps" finished-at="2022-01-26T03:43:30 IST" duration-ms="11" status="PASS">
          <reporter-output>
          </reporter-output>
        </test-method> <!-- IOSApps -->
        <test-method signature="nativeappandroid()[pri:0, instance:qaclickacademy.AppiumTest@37d4349f]" started-at="2022-01-26T03:43:30 IST" name="nativeappandroid" finished-at="2022-01-26T03:43:30 IST" duration-ms="1" status="PASS">
          <reporter-output>
          </reporter-output>
        </test-method> <!-- nativeappandroid -->
      </class> <!-- qaclickacademy.AppiumTest -->
      <class name="qaclickacademy.RESTAPITest">
        <test-method signature="deletetwitter()[pri:0, instance:qaclickacademy.RESTAPITest@67f639d3]" started-at="2022-01-26T03:43:30 IST" name="deletetwitter" finished-at="2022-01-26T03:43:30 IST" duration-ms="1" status="PASS">
          <reporter-output>
          </reporter-output>
        </test-method> <!-- deletetwitter -->
        <test-method signature="postJira()[pri:0, instance:qaclickacademy.RESTAPITest@67f639d3]" started-at="2022-01-26T03:43:30 IST" name="postJira" finished-at="2022-01-26T03:43:30 IST" duration-ms="1" status="PASS">
          <reporter-output>
          </reporter-output>
        </test-method> <!-- postJira -->
      </class> <!-- qaclickacademy.RESTAPITest -->
      <class name="qaclickacademy.SeleniumTest">
        <test-method signature="BrowserAutomation()[pri:0, instance:qaclickacademy.SeleniumTest@290222c1]" started-at="2022-01-26T03:43:30 IST" name="BrowserAutomation" finished-at="2022-01-26T03:43:30 IST" duration-ms="2" status="PASS">
          <reporter-output>
          </reporter-output>
        </test-method> <!-- BrowserAutomation -->
        <test-method signature="elementsUi()[pri:0, instance:qaclickacademy.SeleniumTest@290222c1]" started-at="2022-01-26T03:43:30 IST" name="elementsUi" finished-at="2022-01-26T03:43:30 IST" duration-ms="2" status="PASS">
          <reporter-output>
          </reporter-output>
        </test-method> <!-- elementsUi -->
      </class> <!-- qaclickacademy.SeleniumTest -->
    </test> <!-- Test -->
  </suite> <!-- Suite -->
</testng-results>
